This is pdfTeX, Version 3.1415926-1.40.10 (TeX Live 2009/Debian) (format=pdflatex 2011.10.7)  24 NOV 2011 17:46
entering extended mode
 %&-line parsing enabled.
**report.tex
(./report.tex
LaTeX2e <2009/09/24>
Babel <v3.8l> and hyphenation patterns for english, usenglishmax, dumylang, noh
yphenation, loaded.
(/usr/share/texmf-texlive/tex/latex/base/article.cls
Document Class: article 2007/10/19 v1.4h Standard LaTeX document class
(/usr/share/texmf-texlive/tex/latex/base/size10.clo
File: size10.clo 2007/10/19 v1.4h Standard LaTeX file (size option)
)
\c@part=\count79
\c@section=\count80
\c@subsection=\count81
\c@subsubsection=\count82
\c@paragraph=\count83
\c@subparagraph=\count84
\c@figure=\count85
\c@table=\count86
\abovecaptionskip=\skip41
\belowcaptionskip=\skip42
\bibindent=\dimen102
) (./aaai.sty
Conference Style for AAAI for LaTeX 2e -- version of 7 January 2011
\titlebox=\skip43
) (/usr/share/texmf-texlive/tex/latex/psnfss/times.sty
Package: times 2005/04/12 PSNFSS-v9.2a (SPQR) 
)
(/usr/share/texmf-texlive/tex/latex/psnfss/helvet.sty
Package: helvet 2005/04/12 PSNFSS-v9.2a (WaS) 

(/usr/share/texmf-texlive/tex/latex/graphics/keyval.sty
Package: keyval 1999/03/16 v1.13 key=value parser (DPC)
\KV@toks@=\toks14
))
(/usr/share/texmf-texlive/tex/latex/psnfss/courier.sty
Package: courier 2005/04/12 PSNFSS-v9.2a (WaS) 
)
(/usr/share/texmf-texlive/tex/latex/graphics/graphicx.sty
Package: graphicx 1999/02/16 v1.0f Enhanced LaTeX Graphics (DPC,SPQR)

(/usr/share/texmf-texlive/tex/latex/graphics/graphics.sty
Package: graphics 2009/02/05 v1.0o Standard LaTeX Graphics (DPC,SPQR)

(/usr/share/texmf-texlive/tex/latex/graphics/trig.sty
Package: trig 1999/03/16 v1.09 sin cos tan (DPC)
)
(/etc/texmf/tex/latex/config/graphics.cfg
File: graphics.cfg 2009/08/28 v1.8 graphics configuration of TeX Live
)
Package graphics Info: Driver file: pdftex.def on input line 91.

(/usr/share/texmf-texlive/tex/latex/pdftex-def/pdftex.def
File: pdftex.def 2010/03/12 v0.04p Graphics/color for pdfTeX
\Gread@gobject=\count87
))
\Gin@req@height=\dimen103
\Gin@req@width=\dimen104
) (./algorithmic.sty
Package: algorithmic 
Document Style `algorithmic' - environment
(/usr/share/texmf-texlive/tex/latex/base/ifthen.sty
Package: ifthen 2001/05/26 v1.1c Standard LaTeX ifthen package (DPC)
)
(/usr/share/texmf-texlive/tex/latex/tools/calc.sty
Package: calc 2007/08/22 v4.3 Infix arithmetic (KKT,FJ)
\calc@Acount=\count88
\calc@Bcount=\count89
\calc@Adimen=\dimen105
\calc@Bdimen=\dimen106
\calc@Askip=\skip44
\calc@Bskip=\skip45
LaTeX Info: Redefining \setlength on input line 76.
LaTeX Info: Redefining \addtolength on input line 77.
\calc@Ccount=\count90
\calc@Cskip=\skip46
)
\c@ALC@line=\count91
\c@ALC@rem=\count92
\ALC@tlm=\skip47
) (./report.aux)
\openout1 = `report.aux'.

LaTeX Font Info:    Checking defaults for OML/cmm/m/it on input line 15.
LaTeX Font Info:    ... okay on input line 15.
LaTeX Font Info:    Checking defaults for T1/cmr/m/n on input line 15.
LaTeX Font Info:    ... okay on input line 15.
LaTeX Font Info:    Checking defaults for OT1/cmr/m/n on input line 15.
LaTeX Font Info:    ... okay on input line 15.
LaTeX Font Info:    Checking defaults for OMS/cmsy/m/n on input line 15.
LaTeX Font Info:    ... okay on input line 15.
LaTeX Font Info:    Checking defaults for OMX/cmex/m/n on input line 15.
LaTeX Font Info:    ... okay on input line 15.
LaTeX Font Info:    Checking defaults for U/cmr/m/n on input line 15.
LaTeX Font Info:    ... okay on input line 15.
LaTeX Font Info:    Try loading font information for OT1+ptm on input line 15.

(/usr/share/texmf-texlive/tex/latex/psnfss/ot1ptm.fd
File: ot1ptm.fd 2001/06/04 font definitions for OT1/ptm.
)
(/usr/share/texmf/tex/context/base/supp-pdf.mkii
[Loading MPS to PDF converter (version 2006.09.02).]
\scratchcounter=\count93
\scratchdimen=\dimen107
\scratchbox=\box26
\nofMPsegments=\count94
\nofMParguments=\count95
\everyMPshowfont=\toks15
\MPscratchCnt=\count96
\MPscratchDim=\dimen108
\MPnumerator=\count97
\everyMPtoPDFconversion=\toks16
)
LaTeX Font Info:    Font shape `OT1/ptm/bx/n' in size <14.4> not available
(Font)              Font shape `OT1/ptm/b/n' tried instead on input line 27.
LaTeX Font Info:    External font `cmex10' loaded for size
(Font)              <7> on input line 27.
LaTeX Font Info:    External font `cmex10' loaded for size
(Font)              <5> on input line 27.
LaTeX Font Info:    Font shape `OT1/ptm/bx/n' in size <12> not available
(Font)              Font shape `OT1/ptm/b/n' tried instead on input line 27.
LaTeX Font Info:    Try loading font information for OMS+ptm on input line 27.
 (/usr/share/texmf-texlive/tex/latex/psnfss/omsptm.fd
File: omsptm.fd 
)
LaTeX Font Info:    Font shape `OMS/ptm/m/n' in size <10> not available
(Font)              Font shape `OMS/cmsy/m/n' tried instead on input line 27.
LaTeX Font Info:    Font shape `OMS/ptm/m/n' in size <9> not available
(Font)              Font shape `OMS/cmsy/m/n' tried instead on input line 27.
LaTeX Font Info:    Font shape `OT1/ptm/bx/n' in size <10> not available
(Font)              Font shape `OT1/ptm/b/n' tried instead on input line 28.
Missing character: There is no â in font ptmr7t!
Missing character: There is no € in font ptmr7t!
Missing character: There is no “ in font ptmr7t!
Missing character: There is no â in font ptmr7t!
Missing character: There is no € in font ptmr7t!
Missing character: There is no “ in font ptmr7t!
LaTeX Font Info:    Font shape `OT1/ptm/bx/n' in size <10.95> not available
(Font)              Font shape `OT1/ptm/b/n' tried instead on input line 56.
 [1{/var/lib/texmf/fonts/map/pdftex/updmap/pdftex.map}



]
Missing character: There is no â in font ptmr7t!
Missing character: There is no € in font ptmr7t!
Missing character: There is no “ in font ptmr7t!

Overfull \hbox (19.18938pt too wide) in paragraph at lines 122--123
[] []$\OML/cmm/m/it/10 count \OMS/cmsy/m/n/10   \OML/cmm/m/it/10 num[]of[]goal[
]literals[]satisfied[]in[]initial[]state$ 
 []


Overfull \hbox (29.39757pt too wide) in paragraph at lines 126--127
[] []$\OML/cmm/m/it/10 h[]score \OMS/cmsy/m/n/10   \OML/cmm/m/it/10 num[]of[]li
terals[]in[]problem[]initial[]state=count$ 
 []

<./pics/avg_time_500_cities_constant_goal.jpg, id=12, 1204.5pt x 903.375pt>
File: ./pics/avg_time_500_cities_constant_goal.jpg Graphic file (type jpg)

<use ./pics/avg_time_500_cities_constant_goal.jpg>
Overfull \hbox (25.59644pt too wide) in paragraph at lines 160--161
 [][] 
 []

<./pics/avg_space_500_cities_constant_goal.jpg, id=13, 1204.5pt x 903.375pt>
File: ./pics/avg_space_500_cities_constant_goal.jpg Graphic file (type jpg)

<use ./pics/avg_space_500_cities_constant_goal.jpg>
Overfull \hbox (25.59644pt too wide) in paragraph at lines 167--168
 [][] 
 []

<./pics/average_time_500cities_random_goal.jpg, id=14, 1204.5pt x 903.375pt>
File: ./pics/average_time_500cities_random_goal.jpg Graphic file (type jpg)

<use ./pics/average_time_500cities_random_goal.jpg>
Overfull \hbox (25.59644pt too wide) in paragraph at lines 178--179
 [][] 
 []

<./pics/avg_space_500_cities_random_goal.jpg, id=15, 1204.5pt x 903.375pt>
File: ./pics/avg_space_500_cities_random_goal.jpg Graphic file (type jpg)

<use ./pics/avg_space_500_cities_random_goal.jpg>
Overfull \hbox (25.59644pt too wide) in paragraph at lines 184--185
 [][] 
 []

<./pics/time.pdf, id=16, 577.15625pt x 432.61626pt>
File: ./pics/time.pdf Graphic file (type pdf)
 <use ./pics/time.pdf>
<./pics/space.pdf, id=17, 577.15625pt x 432.61626pt>
File: ./pics/space.pdf Graphic file (type pdf)
 <use ./pics/space.pdf>
[2 <./pics/avg_time_500_cities_constant_goal.jpg>]
Missing character: There is no â in font ptmr7t!
Missing character: There is no € in font ptmr7t!
Missing character: There is no “ in font ptmr7t!

Underfull \vbox (badness 2343) has occurred while \output is active []

 [3 <./pics/avg_space_500_cities_constant_goal.jpg> <./pics/average_time_500cit
ies_random_goal.jpg> <./pics/avg_space_500_cities_random_goal.jpg> <./pics/time
.pdf>]
Missing character: There is no â in font ptmr7t!
Missing character: There is no € in font ptmr7t!
Missing character: There is no “ in font ptmr7t!

<./pics/500_varying_goal_compare_space.jpg, id=29, 1204.5pt x 903.375pt>
File: ./pics/500_varying_goal_compare_space.jpg Graphic file (type jpg)

<use ./pics/500_varying_goal_compare_space.jpg>
Overfull \hbox (25.59644pt too wide) in paragraph at lines 243--244
 [][] 
 []

[4 <./pics/space.pdf> <./pics/500_varying_goal_compare_space.jpg>]
(./report.aux) ) 
Here is how much of TeX's memory you used:
 1261 strings out of 495061
 16897 string characters out of 1182621
 72312 words of memory out of 3000000
 4451 multiletter control sequences out of 15000+50000
 17852 words of font info for 33 fonts, out of 3000000 for 9000
 28 hyphenation exceptions out of 8191
 25i,10n,19p,449b,264s stack positions out of 5000i,500n,10000p,200000b,50000s
{/usr/share/texmf-texlive/fonts/enc/dvips/base/8r.enc}</usr/sha
re/texmf-texlive/fonts/type1/public/amsfonts/cm/cmmi10.pfb></usr/share/texmf-te
xlive/fonts/type1/public/amsfonts/cm/cmmi7.pfb></usr/share/texmf-texlive/fonts/
type1/public/amsfonts/cm/cmr10.pfb></usr/share/texmf-texlive/fonts/type1/public
/amsfonts/cm/cmsy10.pfb></usr/share/texmf-texlive/fonts/type1/public/amsfonts/c
m/cmsy9.pfb></usr/share/texmf-texlive/fonts/type1/urw/times/utmb8a.pfb></usr/sh
are/texmf-texlive/fonts/type1/urw/times/utmr8a.pfb></usr/share/texmf-texlive/fo
nts/type1/urw/times/utmri8a.pfb>
Output written on report.pdf (4 pages, 585484 bytes).
PDF statistics:
 65 PDF objects out of 1000 (max. 8388607)
 0 named destinations out of 1000 (max. 500000)
 36 words of extra memory for PDF output out of 10000 (max. 10000000)

